# JRE version: OpenJDK Runtime Environment Temurin-21.0.9+10 (21.0.9+10) (build 21.0.9+10-LTS)
# Java VM: OpenJDK 64-Bit Server VM Temurin-21.0.9+10 (21.0.9+10-LTS, mixed mode, sharing, tiered, compressed oops, compressed class ptrs, parallel gc, windows-amd64)
GC Precious Log:
 CardTable entry size: 512
 CPUs: 8 total, 8 available
 Memory: 7971M
 Large Page Support: Disabled
 NUMA Support: Disabled
 Compressed Oops: Enabled (32-bit)
 Alignments: Space 512K, Generation 512K, Heap 2M
 Heap Min Capacity: 100M
 Heap Initial Capacity: 100M
 Heap Max Capacity: 2G
 Pre-touch: Disabled
 Parallel Workers: 8
Heap:
 PSYoungGen      total 4608K, used 1296K [0x00000000d5580000, 0x00000000d5b00000, 0x0000000100000000)
  eden space 4096K, 22% used [0x00000000d5580000,0x00000000d5664380,0x00000000d5980000)
  from space 512K, 75% used [0x00000000d5a00000,0x00000000d5a60000,0x00000000d5a80000)
  to   space 512K, 0% used [0x00000000d5a80000,0x00000000d5a80000,0x00000000d5b00000)
 ParOldGen       total 646656K, used 646315K [0x0000000080000000, 0x00000000a7780000, 0x00000000d5580000)
  object space 646656K, 99% used [0x0000000080000000,0x00000000a772ad98,0x00000000a7780000)
 Metaspace       used 76521K, committed 78080K, reserved 1179648K
  class space    used 9448K, committed 10112K, reserved 1048576K
GC Heap History (20 events):
Event: 1027.908 GC heap before
{Heap before GC invocations=1059 (full 3):
 PSYoungGen      total 5120K, used 4416K [0x00000000d5580000, 0x00000000d5b00000, 0x0000000100000000)
  eden space 4096K, 100% used [0x00000000d5580000,0x00000000d5980000,0x00000000d5980000)
  from space 1024K, 31% used [0x00000000d5980000,0x00000000d59d0000,0x00000000d5a80000)
  to   space 512K, 0% used [0x00000000d5a80000,0x00000000d5a80000,0x00000000d5b00000)
 ParOldGen       total 642048K, used 641751K [0x0000000080000000, 0x00000000a7300000, 0x00000000d5580000)
  object space 642048K, 99% used [0x0000000080000000,0x00000000a72b5d80,0x00000000a7300000)
 Metaspace       used 76521K, committed 78080K, reserved 1179648K
  class space    used 9448K, committed 10112K, reserved 1048576K
}
Event: 1027.913 GC heap after
{Heap after GC invocations=1059 (full 3):
 PSYoungGen      total 4608K, used 448K [0x00000000d5580000, 0x00000000d5b00000, 0x0000000100000000)
  eden space 4096K, 0% used [0x00000000d5580000,0x00000000d5580000,0x00000000d5980000)
  from space 512K, 87% used [0x00000000d5a80000,0x00000000d5af0000,0x00000000d5b00000)
  to   space 512K, 0% used [0x00000000d5a00000,0x00000000d5a00000,0x00000000d5a80000)
 ParOldGen       total 642048K, used 641919K [0x0000000080000000, 0x00000000a7300000, 0x00000000d5580000)
  object space 642048K, 99% used [0x0000000080000000,0x00000000a72dfd80,0x00000000a7300000)
 Metaspace       used 76521K, committed 78080K, reserved 1179648K
  class space    used 9448K, committed 10112K, reserved 1048576K
}
Event: 1027.967 GC heap before
{Heap before GC invocations=1060 (full 3):
 PSYoungGen      total 4608K, used 4544K [0x00000000d5580000, 0x00000000d5b00000, 0x0000000100000000)
  eden space 4096K, 100% used [0x00000000d5580000,0x00000000d5980000,0x00000000d5980000)
  from space 512K, 87% used [0x00000000d5a80000,0x00000000d5af0000,0x00000000d5b00000)
  to   space 512K, 0% used [0x00000000d5a00000,0x00000000d5a00000,0x00000000d5a80000)
 ParOldGen       total 642048K, used 641919K [0x0000000080000000, 0x00000000a7300000, 0x00000000d5580000)
  object space 642048K, 99% used [0x0000000080000000,0x00000000a72dfd80,0x00000000a7300000)
 Metaspace       used 76521K, committed 78080K, reserved 1179648K
  class space    used 9448K, committed 10112K, reserved 1048576K
}
Event: 1027.971 GC heap after
{Heap after GC invocations=1060 (full 3):
 PSYoungGen      total 4608K, used 384K [0x00000000d5580000, 0x00000000d5b00000, 0x0000000100000000)
  eden space 4096K, 0% used [0x00000000d5580000,0x00000000d5580000,0x00000000d5980000)
  from space 512K, 75% used [0x00000000d5a00000,0x00000000d5a60000,0x00000000d5a80000)
  to   space 512K, 0% used [0x00000000d5a80000,0x00000000d5a80000,0x00000000d5b00000)
 ParOldGen       total 642560K, used 642271K [0x0000000080000000, 0x00000000a7380000, 0x00000000d5580000)
  object space 642560K, 99% used [0x0000000080000000,0x00000000a7337d80,0x00000000a7380000)
 Metaspace       used 76521K, committed 78080K, reserved 1179648K
  class space    used 9448K, committed 10112K, reserved 1048576K
}
Event: 1028.013 GC heap before
{Heap before GC invocations=1061 (full 3):
 PSYoungGen      total 4608K, used 4473K [0x00000000d5580000, 0x00000000d5b00000, 0x0000000100000000)
  eden space 4096K, 99% used [0x00000000d5580000,0x00000000d597e400,0x00000000d5980000)
  from space 512K, 75% used [0x00000000d5a00000,0x00000000d5a60000,0x00000000d5a80000)
  to   space 512K, 0% used [0x00000000d5a80000,0x00000000d5a80000,0x00000000d5b00000)
 ParOldGen       total 642560K, used 642271K [0x0000000080000000, 0x00000000a7380000, 0x00000000d5580000)
  object space 642560K, 99% used [0x0000000080000000,0x00000000a7337d80,0x00000000a7380000)
 Metaspace       used 76521K, committed 78080K, reserved 1179648K
  class space    used 9448K, committed 10112K, reserved 1048576K
}
Event: 1028.019 GC heap after
{Heap after GC invocations=1061 (full 3):
 PSYoungGen      total 4608K, used 425K [0x00000000d5580000, 0x00000000d5b00000, 0x0000000100000000)
  eden space 4096K, 0% used [0x00000000d5580000,0x00000000d5580000,0x00000000d5980000)
  from space 512K, 83% used [0x00000000d5a80000,0x00000000d5aea588,0x00000000d5b00000)
  to   space 512K, 0% used [0x00000000d5a00000,0x00000000d5a00000,0x00000000d5a80000)
 ParOldGen       total 642560K, used 642527K [0x0000000080000000, 0x00000000a7380000, 0x00000000d5580000)
  object space 642560K, 99% used [0x0000000080000000,0x00000000a7377d80,0x00000000a7380000)
 Metaspace       used 76521K, committed 78080K, reserved 1179648K
  class space    used 9448K, committed 10112K, reserved 1048576K
}
Event: 1028.081 GC heap before
{Heap before GC invocations=1062 (full 3):
 PSYoungGen      total 4608K, used 4521K [0x00000000d5580000, 0x00000000d5b00000, 0x0000000100000000)
  eden space 4096K, 99% used [0x00000000d5580000,0x00000000d597fef0,0x00000000d5980000)
  from space 512K, 83% used [0x00000000d5a80000,0x00000000d5aea588,0x00000000d5b00000)
  to   space 512K, 0% used [0x00000000d5a00000,0x00000000d5a00000,0x00000000d5a80000)
 ParOldGen       total 642560K, used 642527K [0x0000000080000000, 0x00000000a7380000, 0x00000000d5580000)
  object space 642560K, 99% used [0x0000000080000000,0x00000000a7377d80,0x00000000a7380000)
 Metaspace       used 76521K, committed 78080K, reserved 1179648K
  class space    used 9448K, committed 10112K, reserved 1048576K
}
Event: 1028.085 GC heap after
{Heap after GC invocations=1062 (full 3):
 PSYoungGen      total 4608K, used 320K [0x00000000d5580000, 0x00000000d5b00000, 0x0000000100000000)
  eden space 4096K, 0% used [0x00000000d5580000,0x00000000d5580000,0x00000000d5980000)
  from space 512K, 62% used [0x00000000d5a00000,0x00000000d5a50000,0x00000000d5a80000)
  to   space 512K, 0% used [0x00000000d5a80000,0x00000000d5a80000,0x00000000d5b00000)
 ParOldGen       total 643072K, used 642783K [0x0000000080000000, 0x00000000a7400000, 0x00000000d5580000)
  object space 643072K, 99% used [0x0000000080000000,0x00000000a73b7d80,0x00000000a7400000)
 Metaspace       used 76521K, committed 78080K, reserved 1179648K
  class space    used 9448K, committed 10112K, reserved 1048576K
}
Event: 1028.124 GC heap before
{Heap before GC invocations=1063 (full 3):
 PSYoungGen      total 4608K, used 4416K [0x00000000d5580000, 0x00000000d5b00000, 0x0000000100000000)
  eden space 4096K, 100% used [0x00000000d5580000,0x00000000d5980000,0x00000000d5980000)
  from space 512K, 62% used [0x00000000d5a00000,0x00000000d5a50000,0x00000000d5a80000)
  to   space 512K, 0% used [0x00000000d5a80000,0x00000000d5a80000,0x00000000d5b00000)
 ParOldGen       total 643072K, used 642783K [0x0000000080000000, 0x00000000a7400000, 0x00000000d5580000)
  object space 643072K, 99% used [0x0000000080000000,0x00000000a73b7d80,0x00000000a7400000)
 Metaspace       used 76521K, committed 78080K, reserved 1179648K
  class space    used 9448K, committed 10112K, reserved 1048576K
}
Event: 1028.128 GC heap after
{Heap after GC invocations=1063 (full 3):
 PSYoungGen      total 4608K, used 320K [0x00000000d5580000, 0x00000000d5b00000, 0x0000000100000000)
  eden space 4096K, 0% used [0x00000000d5580000,0x00000000d5580000,0x00000000d5980000)
  from space 512K, 62% used [0x00000000d5a80000,0x00000000d5ad0000,0x00000000d5b00000)
  to   space 512K, 0% used [0x00000000d5a00000,0x00000000d5a00000,0x00000000d5a80000)
 ParOldGen       total 643072K, used 643015K [0x0000000080000000, 0x00000000a7400000, 0x00000000d5580000)
  object space 643072K, 99% used [0x0000000080000000,0x00000000a73f1d80,0x00000000a7400000)
 Metaspace       used 76521K, committed 78080K, reserved 1179648K
  class space    used 9448K, committed 10112K, reserved 1048576K
}
Event: 1028.173 GC heap before
{Heap before GC invocations=1064 (full 3):
 PSYoungGen      total 4608K, used 4416K [0x00000000d5580000, 0x00000000d5b00000, 0x0000000100000000)
  eden space 4096K, 100% used [0x00000000d5580000,0x00000000d5980000,0x00000000d5980000)
  from space 512K, 62% used [0x00000000d5a80000,0x00000000d5ad0000,0x00000000d5b00000)
  to   space 512K, 0% used [0x00000000d5a00000,0x00000000d5a00000,0x00000000d5a80000)
 ParOldGen       total 643072K, used 643015K [0x0000000080000000, 0x00000000a7400000, 0x00000000d5580000)
  object space 643072K, 99% used [0x0000000080000000,0x00000000a73f1d80,0x00000000a7400000)
 Metaspace       used 76521K, committed 78080K, reserved 1179648K
  class space    used 9448K, committed 10112K, reserved 1048576K
}
Event: 1028.177 GC heap after
{Heap after GC invocations=1064 (full 3):
 PSYoungGen      total 4608K, used 352K [0x00000000d5580000, 0x00000000d5b00000, 0x0000000100000000)
  eden space 4096K, 0% used [0x00000000d5580000,0x00000000d5580000,0x00000000d5980000)
  from space 512K, 68% used [0x00000000d5a00000,0x00000000d5a58000,0x00000000d5a80000)
  to   space 512K, 0% used [0x00000000d5a80000,0x00000000d5a80000,0x00000000d5b00000)
 ParOldGen       total 643584K, used 643271K [0x0000000080000000, 0x00000000a7480000, 0x00000000d5580000)
  object space 643584K, 99% used [0x0000000080000000,0x00000000a7431d80,0x00000000a7480000)
 Metaspace       used 76521K, committed 78080K, reserved 1179648K
  class space    used 9448K, committed 10112K, reserved 1048576K
}
Event: 1028.228 GC heap before
{Heap before GC invocations=1065 (full 3):
 PSYoungGen      total 4608K, used 4444K [0x00000000d5580000, 0x00000000d5b00000, 0x0000000100000000)
  eden space 4096K, 99% used [0x00000000d5580000,0x00000000d597f248,0x00000000d5980000)
  from space 512K, 68% used [0x00000000d5a00000,0x00000000d5a58000,0x00000000d5a80000)
  to   space 512K, 0% used [0x00000000d5a80000,0x00000000d5a80000,0x00000000d5b00000)
 ParOldGen       total 643584K, used 643271K [0x0000000080000000, 0x00000000a7480000, 0x00000000d5580000)
  object space 643584K, 99% used [0x0000000080000000,0x00000000a7431d80,0x00000000a7480000)
 Metaspace       used 76521K, committed 78080K, reserved 1179648K
  class space    used 9448K, committed 10112K, reserved 1048576K
}
Event: 1028.234 GC heap after
{Heap after GC invocations=1065 (full 3):
 PSYoungGen      total 4608K, used 480K [0x00000000d5580000, 0x00000000d5b00000, 0x0000000100000000)
  eden space 4096K, 0% used [0x00000000d5580000,0x00000000d5580000,0x00000000d5980000)
  from space 512K, 93% used [0x00000000d5a80000,0x00000000d5af8000,0x00000000d5b00000)
  to   space 512K, 0% used [0x00000000d5a00000,0x00000000d5a00000,0x00000000d5a80000)
 ParOldGen       total 643584K, used 643567K [0x0000000080000000, 0x00000000a7480000, 0x00000000d5580000)
  object space 643584K, 99% used [0x0000000080000000,0x00000000a747bd80,0x00000000a7480000)
 Metaspace       used 76521K, committed 78080K, reserved 1179648K
  class space    used 9448K, committed 10112K, reserved 1048576K
}
Event: 1028.264 GC heap before
{Heap before GC invocations=1066 (full 3):
 PSYoungGen      total 4608K, used 4576K [0x00000000d5580000, 0x00000000d5b00000, 0x0000000100000000)
  eden space 4096K, 100% used [0x00000000d5580000,0x00000000d5980000,0x00000000d5980000)
  from space 512K, 93% used [0x00000000d5a80000,0x00000000d5af8000,0x00000000d5b00000)
  to   space 512K, 0% used [0x00000000d5a00000,0x00000000d5a00000,0x00000000d5a80000)
 ParOldGen       total 643584K, used 643567K [0x0000000080000000, 0x00000000a7480000, 0x00000000d5580000)
  object space 643584K, 99% used [0x0000000080000000,0x00000000a747bd80,0x00000000a7480000)
 Metaspace       used 76521K, committed 78080K, reserved 1179648K
  class space    used 9448K, committed 10112K, reserved 1048576K
}
Event: 1028.270 GC heap after
{Heap after GC invocations=1066 (full 3):
 PSYoungGen      total 4608K, used 492K [0x00000000d5580000, 0x00000000d5b00000, 0x0000000100000000)
  eden space 4096K, 0% used [0x00000000d5580000,0x00000000d5580000,0x00000000d5980000)
  from space 512K, 96% used [0x00000000d5a00000,0x00000000d5a7b010,0x00000000d5a80000)
  to   space 512K, 0% used [0x00000000d5a80000,0x00000000d5a80000,0x00000000d5b00000)
 ParOldGen       total 644096K, used 643871K [0x0000000080000000, 0x00000000a7500000, 0x00000000d5580000)
  object space 644096K, 99% used [0x0000000080000000,0x00000000a74c7d80,0x00000000a7500000)
 Metaspace       used 76521K, committed 78080K, reserved 1179648K
  class space    used 9448K, committed 10112K, reserved 1048576K
}
Event: 1028.322 GC heap before
{Heap before GC invocations=1067 (full 3):
 PSYoungGen      total 4608K, used 4588K [0x00000000d5580000, 0x00000000d5b00000, 0x0000000100000000)
  eden space 4096K, 100% used [0x00000000d5580000,0x00000000d5980000,0x00000000d5980000)
  from space 512K, 96% used [0x00000000d5a00000,0x00000000d5a7b010,0x00000000d5a80000)
  to   space 512K, 0% used [0x00000000d5a80000,0x00000000d5a80000,0x00000000d5b00000)
 ParOldGen       total 644096K, used 643871K [0x0000000080000000, 0x00000000a7500000, 0x00000000d5580000)
  object space 644096K, 99% used [0x0000000080000000,0x00000000a74c7d80,0x00000000a7500000)
 Metaspace       used 76521K, committed 78080K, reserved 1179648K
  class space    used 9448K, committed 10112K, reserved 1048576K
}
Event: 1028.325 GC heap after
{Heap after GC invocations=1067 (full 3):
 PSYoungGen      total 4608K, used 384K [0x00000000d5580000, 0x00000000d5b00000, 0x0000000100000000)
  eden space 4096K, 0% used [0x00000000d5580000,0x00000000d5580000,0x00000000d5980000)
  from space 512K, 75% used [0x00000000d5a80000,0x00000000d5ae0000,0x00000000d5b00000)
  to   space 512K, 0% used [0x00000000d5a00000,0x00000000d5a00000,0x00000000d5a80000)
 ParOldGen       total 644608K, used 644251K [0x0000000080000000, 0x00000000a7580000, 0x00000000d5580000)
  object space 644608K, 99% used [0x0000000080000000,0x00000000a7526d90,0x00000000a7580000)
 Metaspace       used 76521K, committed 78080K, reserved 1179648K
  class space    used 9448K, committed 10112K, reserved 1048576K
}
Event: 1028.428 GC heap before
{Heap before GC invocations=1068 (full 3):
 PSYoungGen      total 4608K, used 4480K [0x00000000d5580000, 0x00000000d5b00000, 0x0000000100000000)
  eden space 4096K, 100% used [0x00000000d5580000,0x00000000d5980000,0x00000000d5980000)
  from space 512K, 75% used [0x00000000d5a80000,0x00000000d5ae0000,0x00000000d5b00000)
  to   space 512K, 0% used [0x00000000d5a00000,0x00000000d5a00000,0x00000000d5a80000)
 ParOldGen       total 644608K, used 644251K [0x0000000080000000, 0x00000000a7580000, 0x00000000d5580000)
  object space 644608K, 99% used [0x0000000080000000,0x00000000a7526d90,0x00000000a7580000)
 Metaspace       used 76521K, committed 78080K, reserved 1179648K
  class space    used 9448K, committed 10112K, reserved 1048576K
}
Event: 1028.433 GC heap after
{Heap after GC invocations=1068 (full 3):
 PSYoungGen      total 4608K, used 320K [0x00000000d5580000, 0x00000000d5b00000, 0x0000000100000000)
  eden space 4096K, 0% used [0x00000000d5580000,0x00000000d5580000,0x00000000d5980000)
  from space 512K, 62% used [0x00000000d5a00000,0x00000000d5a50000,0x00000000d5a80000)
  to   space 512K, 0% used [0x00000000d5a80000,0x00000000d5a80000,0x00000000d5b00000)
 ParOldGen       total 645632K, used 645395K [0x0000000080000000, 0x00000000a7680000, 0x00000000d5580000)
  object space 645632K, 99% used [0x0000000080000000,0x00000000a7644d98,0x00000000a7680000)
 Metaspace       used 76521K, committed 78080K, reserved 1179648K
  class space    used 9448K, committed 10112K, reserved 1048576K
}

