# JRE version: Java(TM) SE Runtime Environment (21.0.8+12) (build 21.0.8+12-LTS-250)
# Java VM: Java HotSpot(TM) 64-Bit Server VM (21.0.8+12-LTS-250, mixed mode, sharing, tiered, compressed oops, compressed class ptrs, g1 gc, windows-amd64)
GC Precious Log:
 CardTable entry size: 512
 Card Set container configuration: InlinePtr #cards 5 size 8 Array Of Cards #cards 12 size 40 Howl #buckets 4 coarsen threshold 1843 Howl Bitmap #cards 512 size 80 coarsen threshold 460 Card regions per heap region 1 cards per card region 2048
 CPUs: 8 total, 8 available
 Memory: 7971M
 Large Page Support: Disabled
 NUMA Support: Disabled
 Compressed Oops: Enabled (32-bit)
 Heap Region Size: 1M
 Heap Min Capacity: 8M
 Heap Initial Capacity: 126M
 Heap Max Capacity: 2G
 Pre-touch: Disabled
 Parallel Workers: 8
 Concurrent Workers: 2
 Concurrent Refinement Workers: 8
 Periodic GC: Disabled
Heap:
 garbage-first heap   total 204800K, used 164785K [0x0000000080000000, 0x0000000100000000)
  region size 1024K, 52 young (53248K), 4 survivors (4096K)
 Metaspace       used 99554K, committed 101888K, reserved 557056K
  class space    used 13938K, committed 15104K, reserved 425984K
GC Heap History (20 events):
Event: 29.477 GC heap before
{Heap before GC invocations=32 (full 0):
 garbage-first heap   total 140288K, used 88196K [0x0000000080000000, 0x0000000100000000)
  region size 1024K, 8 young (8192K), 6 survivors (6144K)
 Metaspace       used 73454K, committed 75456K, reserved 491520K
  class space    used 10405K, committed 11392K, reserved 425984K
}
Event: 29.484 GC heap after
{Heap after GC invocations=33 (full 0):
 garbage-first heap   total 140288K, used 90009K [0x0000000080000000, 0x0000000100000000)
  region size 1024K, 2 young (2048K), 2 survivors (2048K)
 Metaspace       used 73454K, committed 75456K, reserved 491520K
  class space    used 10405K, committed 11392K, reserved 425984K
}
Event: 30.580 GC heap before
{Heap before GC invocations=34 (full 0):
 garbage-first heap   total 158720K, used 116633K [0x0000000080000000, 0x0000000100000000)
  region size 1024K, 24 young (24576K), 2 survivors (2048K)
 Metaspace       used 74008K, committed 76032K, reserved 491520K
  class space    used 10489K, committed 11520K, reserved 425984K
}
Event: 30.585 GC heap after
{Heap after GC invocations=35 (full 0):
 garbage-first heap   total 158720K, used 99482K [0x0000000080000000, 0x0000000100000000)
  region size 1024K, 3 young (3072K), 3 survivors (3072K)
 Metaspace       used 74008K, committed 76032K, reserved 491520K
  class space    used 10489K, committed 11520K, reserved 425984K
}
Event: 31.305 GC heap before
{Heap before GC invocations=35 (full 0):
 garbage-first heap   total 158720K, used 128154K [0x0000000080000000, 0x0000000100000000)
  region size 1024K, 31 young (31744K), 3 survivors (3072K)
 Metaspace       used 76208K, committed 78272K, reserved 557056K
  class space    used 10733K, committed 11776K, reserved 425984K
}
Event: 31.310 GC heap after
{Heap after GC invocations=36 (full 0):
 garbage-first heap   total 158720K, used 100440K [0x0000000080000000, 0x0000000100000000)
  region size 1024K, 4 young (4096K), 4 survivors (4096K)
 Metaspace       used 76208K, committed 78272K, reserved 557056K
  class space    used 10733K, committed 11776K, reserved 425984K
}
Event: 32.062 GC heap before
{Heap before GC invocations=36 (full 0):
 garbage-first heap   total 158720K, used 131160K [0x0000000080000000, 0x0000000100000000)
  region size 1024K, 34 young (34816K), 4 survivors (4096K)
 Metaspace       used 79431K, committed 81536K, reserved 557056K
  class space    used 11070K, committed 12160K, reserved 425984K
}
Event: 32.066 GC heap after
{Heap after GC invocations=37 (full 0):
 garbage-first heap   total 158720K, used 102673K [0x0000000080000000, 0x0000000100000000)
  region size 1024K, 4 young (4096K), 4 survivors (4096K)
 Metaspace       used 79431K, committed 81536K, reserved 557056K
  class space    used 11070K, committed 12160K, reserved 425984K
}
Event: 32.952 GC heap before
{Heap before GC invocations=38 (full 0):
 garbage-first heap   total 176128K, used 138513K [0x0000000080000000, 0x0000000100000000)
  region size 1024K, 35 young (35840K), 4 survivors (4096K)
 Metaspace       used 81291K, committed 83392K, reserved 557056K
  class space    used 11314K, committed 12352K, reserved 425984K
}
Event: 32.959 GC heap after
{Heap after GC invocations=39 (full 0):
 garbage-first heap   total 176128K, used 106841K [0x0000000080000000, 0x0000000100000000)
  region size 1024K, 5 young (5120K), 5 survivors (5120K)
 Metaspace       used 81291K, committed 83392K, reserved 557056K
  class space    used 11314K, committed 12352K, reserved 425984K
}
Event: 33.832 GC heap before
{Heap before GC invocations=39 (full 0):
 garbage-first heap   total 176128K, used 148825K [0x0000000080000000, 0x0000000100000000)
  region size 1024K, 46 young (47104K), 5 survivors (5120K)
 Metaspace       used 84239K, committed 86336K, reserved 557056K
  class space    used 11691K, committed 12736K, reserved 425984K
}
Event: 33.839 GC heap after
{Heap after GC invocations=40 (full 0):
 garbage-first heap   total 176128K, used 108225K [0x0000000080000000, 0x0000000100000000)
  region size 1024K, 3 young (3072K), 3 survivors (3072K)
 Metaspace       used 84239K, committed 86336K, reserved 557056K
  class space    used 11691K, committed 12736K, reserved 425984K
}
Event: 34.754 GC heap before
{Heap before GC invocations=40 (full 0):
 garbage-first heap   total 176128K, used 151233K [0x0000000080000000, 0x0000000100000000)
  region size 1024K, 45 young (46080K), 3 survivors (3072K)
 Metaspace       used 87363K, committed 89536K, reserved 557056K
  class space    used 12107K, committed 13184K, reserved 425984K
}
Event: 34.760 GC heap after
{Heap after GC invocations=41 (full 0):
 garbage-first heap   total 176128K, used 109480K [0x0000000080000000, 0x0000000100000000)
  region size 1024K, 4 young (4096K), 4 survivors (4096K)
 Metaspace       used 87363K, committed 89536K, reserved 557056K
  class space    used 12107K, committed 13184K, reserved 425984K
}
Event: 35.796 GC heap before
{Heap before GC invocations=42 (full 0):
 garbage-first heap   total 193536K, used 153512K [0x0000000080000000, 0x0000000100000000)
  region size 1024K, 48 young (49152K), 4 survivors (4096K)
 Metaspace       used 88804K, committed 90944K, reserved 557056K
  class space    used 12306K, committed 13376K, reserved 425984K
}
Event: 35.804 GC heap after
{Heap after GC invocations=43 (full 0):
 garbage-first heap   total 193536K, used 113586K [0x0000000080000000, 0x0000000100000000)
  region size 1024K, 6 young (6144K), 6 survivors (6144K)
 Metaspace       used 88804K, committed 90944K, reserved 557056K
  class space    used 12306K, committed 13376K, reserved 425984K
}
Event: 37.122 GC heap before
{Heap before GC invocations=43 (full 0):
 garbage-first heap   total 193536K, used 169906K [0x0000000080000000, 0x0000000100000000)
  region size 1024K, 60 young (61440K), 6 survivors (6144K)
 Metaspace       used 92835K, committed 95104K, reserved 557056K
  class space    used 12890K, committed 14016K, reserved 425984K
}
Event: 37.132 GC heap after
{Heap after GC invocations=44 (full 0):
 garbage-first heap   total 193536K, used 114528K [0x0000000080000000, 0x0000000100000000)
  region size 1024K, 6 young (6144K), 6 survivors (6144K)
 Metaspace       used 92835K, committed 95104K, reserved 557056K
  class space    used 12890K, committed 14016K, reserved 425984K
}
Event: 38.582 GC heap before
{Heap before GC invocations=44 (full 0):
 garbage-first heap   total 193536K, used 172896K [0x0000000080000000, 0x0000000100000000)
  region size 1024K, 63 young (64512K), 6 survivors (6144K)
 Metaspace       used 97168K, committed 99328K, reserved 557056K
  class space    used 13571K, committed 14656K, reserved 425984K
}
Event: 38.591 GC heap after
{Heap after GC invocations=45 (full 0):
 garbage-first heap   total 193536K, used 116657K [0x0000000080000000, 0x0000000100000000)
  region size 1024K, 4 young (4096K), 4 survivors (4096K)
 Metaspace       used 97168K, committed 99328K, reserved 557056K
  class space    used 13571K, committed 14656K, reserved 425984K
}

